[debug] [2026-06-08T15:36:05.838Z] ----------------------------------------------------------------------
[debug] [2026-06-08T15:36:05.854Z] Command:       C:\Program Files\nodejs\node.exe C:\Users\follo\AppData\Roaming\npm\node_modules\firebase-tools\lib\bin\firebase.js deploy
[debug] [2026-06-08T15:36:05.855Z] CLI Version:   15.19.0
[debug] [2026-06-08T15:36:05.855Z] Platform:      win32
[debug] [2026-06-08T15:36:05.855Z] Node Version:  v24.11.1
[debug] [2026-06-08T15:36:05.855Z] Time:          Mon Jun 08 2026 12:36:05 GMT-0300 (Horário Padrão de Brasília)
[debug] [2026-06-08T15:36:05.856Z] ----------------------------------------------------------------------
[debug] 
[debug] [2026-06-08T15:36:10.009Z] > command requires scopes: ["email","openid","https://www.googleapis.com/auth/cloudplatformprojects.readonly","https://www.googleapis.com/auth/firebase","https://www.googleapis.com/auth/cloud-platform"]
[debug] [2026-06-08T15:36:10.010Z] > authorizing via signed-in user (danielboy200627@gmail.com)
[debug] [2026-06-08T15:36:10.010Z] [iam] checking project voratte-3fc9f for permissions ["datastore.indexes.create","datastore.indexes.delete","datastore.indexes.list","datastore.indexes.update","firebase.projects.get","firebasehosting.sites.update"]
[debug] [2026-06-08T15:36:10.011Z] Checked if tokens are valid: false, expires at: 1780921754684
[debug] [2026-06-08T15:36:10.011Z] Checked if tokens are valid: false, expires at: 1780921754684
[debug] [2026-06-08T15:36:10.012Z] > refreshing access token with scopes: []
[debug] [2026-06-08T15:36:10.052Z] >>> [apiv2][query] POST https://www.googleapis.com/oauth2/v3/token [none]
[debug] [2026-06-08T15:36:10.052Z] >>> [apiv2][body] POST https://www.googleapis.com/oauth2/v3/token [omitted]
[debug] [2026-06-08T15:36:10.438Z] <<< [apiv2][status] POST https://www.googleapis.com/oauth2/v3/token 200
[debug] [2026-06-08T15:36:10.438Z] <<< [apiv2][body] POST https://www.googleapis.com/oauth2/v3/token [omitted]
[debug] [2026-06-08T15:36:10.455Z] >>> [apiv2][query] POST https://cloudresourcemanager.googleapis.com/v1/projects/voratte-3fc9f:testIamPermissions [none]
[debug] [2026-06-08T15:36:10.455Z] >>> [apiv2][(partial)header] POST https://cloudresourcemanager.googleapis.com/v1/projects/voratte-3fc9f:testIamPermissions  x-goog-user-project=voratte-3fc9f
[debug] [2026-06-08T15:36:10.455Z] >>> [apiv2][body] POST https://cloudresourcemanager.googleapis.com/v1/projects/voratte-3fc9f:testIamPermissions {"permissions":["datastore.indexes.create","datastore.indexes.delete","datastore.indexes.list","datastore.indexes.update","firebase.projects.get","firebasehosting.sites.update"]}
